<?xml version="1.0" encoding="UTF-8"?>
<!-- Generated by org.testng.reporters.JUnitXMLReporter -->
<testsuite ignored="0" hostname="LAPTOP-IGMUB4DL" failures="0" tests="4" name="Default test" time="54.08" errors="0" timestamp="2022-08-13T12:04:53 EDT">
  <testcase classname="testlayer.Search_SortBy" name="sortby2" time="7.942"/>
  <testcase classname="testlayer.Search_SortBy" name="sortby1" time="8.091"/>
  <testcase classname="testlayer.Search_SortBy" name="sortby3" time="7.421"/>
  <testcase classname="testlayer.Search_SortBy" name="sortby4" time="7.629"/>
</testsuite> <!-- Default test -->
