<?xml version="1.0" encoding="UTF-8"?>
<testng-results ignored="0" total="4" passed="4" failed="0" skipped="0">
  <reporter-output>
  </reporter-output>
  <suite started-at="2022-08-13T12:03:59 EDT" name="Default suite" finished-at="2022-08-13T12:04:53 EDT" duration-ms="54080">
    <groups>
    </groups>
    <test started-at="2022-08-13T12:03:59 EDT" name="Default test" finished-at="2022-08-13T12:04:53 EDT" duration-ms="54080">
      <class name="testlayer.Search_SortBy">
        <test-method is-config="true" signature="initialsetup()[pri:0, instance:testlayer.Search_SortBy@1afd44cb]" started-at="2022-08-13T12:03:59 EDT" name="initialsetup" finished-at="2022-08-13T12:04:03 EDT" duration-ms="4566" status="PASS">
          <reporter-output>
          </reporter-output>
        </test-method> <!-- initialsetup -->
        <test-method signature="sortby2()[pri:1, instance:testlayer.Search_SortBy@1afd44cb]" started-at="2022-08-13T12:04:03 EDT" name="sortby2" finished-at="2022-08-13T12:04:11 EDT" duration-ms="7942" status="PASS">
          <reporter-output>
          </reporter-output>
        </test-method> <!-- sortby2 -->
        <test-method is-config="true" signature="close()[pri:0, instance:testlayer.Search_SortBy@1afd44cb]" started-at="2022-08-13T12:04:11 EDT" name="close" finished-at="2022-08-13T12:04:12 EDT" duration-ms="280" status="PASS">
          <reporter-output>
          </reporter-output>
        </test-method> <!-- close -->
        <test-method is-config="true" signature="initialsetup()[pri:0, instance:testlayer.Search_SortBy@1afd44cb]" started-at="2022-08-13T12:04:12 EDT" name="initialsetup" finished-at="2022-08-13T12:04:15 EDT" duration-ms="3248" status="PASS">
          <reporter-output>
          </reporter-output>
        </test-method> <!-- initialsetup -->
        <test-method signature="sortby1()[pri:2, instance:testlayer.Search_SortBy@1afd44cb]" started-at="2022-08-13T12:04:15 EDT" name="sortby1" finished-at="2022-08-13T12:04:23 EDT" duration-ms="8091" status="PASS">
          <reporter-output>
          </reporter-output>
        </test-method> <!-- sortby1 -->
        <test-method is-config="true" signature="close()[pri:0, instance:testlayer.Search_SortBy@1afd44cb]" started-at="2022-08-13T12:04:23 EDT" name="close" finished-at="2022-08-13T12:04:27 EDT" duration-ms="4444" status="PASS">
          <reporter-output>
          </reporter-output>
        </test-method> <!-- close -->
        <test-method is-config="true" signature="initialsetup()[pri:0, instance:testlayer.Search_SortBy@1afd44cb]" started-at="2022-08-13T12:04:27 EDT" name="initialsetup" finished-at="2022-08-13T12:04:31 EDT" duration-ms="3054" status="PASS">
          <reporter-output>
          </reporter-output>
        </test-method> <!-- initialsetup -->
        <test-method signature="sortby3()[pri:3, instance:testlayer.Search_SortBy@1afd44cb]" started-at="2022-08-13T12:04:31 EDT" name="sortby3" finished-at="2022-08-13T12:04:38 EDT" duration-ms="7421" status="PASS">
          <reporter-output>
          </reporter-output>
        </test-method> <!-- sortby3 -->
        <test-method is-config="true" signature="close()[pri:0, instance:testlayer.Search_SortBy@1afd44cb]" started-at="2022-08-13T12:04:38 EDT" name="close" finished-at="2022-08-13T12:04:42 EDT" duration-ms="4219" status="PASS">
          <reporter-output>
          </reporter-output>
        </test-method> <!-- close -->
        <test-method is-config="true" signature="initialsetup()[pri:0, instance:testlayer.Search_SortBy@1afd44cb]" started-at="2022-08-13T12:04:42 EDT" name="initialsetup" finished-at="2022-08-13T12:04:45 EDT" duration-ms="2816" status="PASS">
          <reporter-output>
          </reporter-output>
        </test-method> <!-- initialsetup -->
        <test-method signature="sortby4()[pri:4, instance:testlayer.Search_SortBy@1afd44cb]" started-at="2022-08-13T12:04:45 EDT" name="sortby4" finished-at="2022-08-13T12:04:53 EDT" duration-ms="7629" status="PASS">
          <reporter-output>
          </reporter-output>
        </test-method> <!-- sortby4 -->
        <test-method is-config="true" signature="close()[pri:0, instance:testlayer.Search_SortBy@1afd44cb]" started-at="2022-08-13T12:04:53 EDT" name="close" finished-at="2022-08-13T12:04:53 EDT" duration-ms="311" status="PASS">
          <reporter-output>
          </reporter-output>
        </test-method> <!-- close -->
      </class> <!-- testlayer.Search_SortBy -->
    </test> <!-- Default test -->
  </suite> <!-- Default suite -->
</testng-results>
